0 info it worked if it ends with ok
1 verbose cli [ '/Users/enrique.cantillo/.nvm/versions/node/v6.11.2/bin/node',
1 verbose cli   '/Users/enrique.cantillo/.nvm/versions/node/v6.11.2/bin/npm',
1 verbose cli   'run',
1 verbose cli   'start' ]
2 info using npm@3.10.10
3 info using node@v6.11.2
4 verbose run-script [ 'prestart', 'start', 'poststart' ]
5 info lifecycle start_project@0.0.1~prestart: start_project@0.0.1
6 silly lifecycle start_project@0.0.1~prestart: no script for prestart, continuing
7 info lifecycle start_project@0.0.1~start: start_project@0.0.1
8 verbose lifecycle start_project@0.0.1~start: unsafe-perm in lifecycle true
9 verbose lifecycle start_project@0.0.1~start: PATH: /Users/enrique.cantillo/.nvm/versions/node/v6.11.2/lib/node_modules/npm/bin/node-gyp-bin:/Users/enrique.cantillo/fun-work/boilerplate/node_modules/.bin:/Users/enrique.cantillo/.nvm/versions/node/v6.11.2/bin:/usr/local/bin:/usr/bin:/bin:/usr/sbin:/sbin:/opt/puppetlabs/bin:/usr/local/munki:/opt/X11/bin
10 verbose lifecycle start_project@0.0.1~start: CWD: /Users/enrique.cantillo/fun-work/boilerplate
11 silly lifecycle start_project@0.0.1~start: Args: [ '-c', 'open http://localhost:3000 & node app & grunt' ]
12 silly lifecycle start_project@0.0.1~start: Returned: code: 3  signal: null
13 info lifecycle start_project@0.0.1~start: Failed to exec start script
14 verbose stack Error: start_project@0.0.1 start: `open http://localhost:3000 & node app & grunt`
14 verbose stack Exit status 3
14 verbose stack     at EventEmitter.<anonymous> (/Users/enrique.cantillo/.nvm/versions/node/v6.11.2/lib/node_modules/npm/lib/utils/lifecycle.js:255:16)
14 verbose stack     at emitTwo (events.js:106:13)
14 verbose stack     at EventEmitter.emit (events.js:191:7)
14 verbose stack     at ChildProcess.<anonymous> (/Users/enrique.cantillo/.nvm/versions/node/v6.11.2/lib/node_modules/npm/lib/utils/spawn.js:40:14)
14 verbose stack     at emitTwo (events.js:106:13)
14 verbose stack     at ChildProcess.emit (events.js:191:7)
14 verbose stack     at maybeClose (internal/child_process.js:891:16)
14 verbose stack     at Process.ChildProcess._handle.onexit (internal/child_process.js:226:5)
15 verbose pkgid start_project@0.0.1
16 verbose cwd /Users/enrique.cantillo/fun-work/boilerplate
17 error Darwin 17.3.0
18 error argv "/Users/enrique.cantillo/.nvm/versions/node/v6.11.2/bin/node" "/Users/enrique.cantillo/.nvm/versions/node/v6.11.2/bin/npm" "run" "start"
19 error node v6.11.2
20 error npm  v3.10.10
21 error code ELIFECYCLE
22 error start_project@0.0.1 start: `open http://localhost:3000 & node app & grunt`
22 error Exit status 3
23 error Failed at the start_project@0.0.1 start script 'open http://localhost:3000 & node app & grunt'.
23 error Make sure you have the latest version of node.js and npm installed.
23 error If you do, this is most likely a problem with the start_project package,
23 error not with npm itself.
23 error Tell the author that this fails on your system:
23 error     open http://localhost:3000 & node app & grunt
23 error You can get information on how to open an issue for this project with:
23 error     npm bugs start_project
23 error Or if that isn't available, you can get their info via:
23 error     npm owner ls start_project
23 error There is likely additional logging output above.
24 verbose exit [ 1, true ]
